<?xml version="1.0" encoding="UTF-8" ?>
<testsuite tests="8" failures="0" name="com.ldemers.ticketservice.test.TicketServiceTest" time="20.052" errors="0" skipped="0">
  <properties>
[...]
</properties>
  <testcase classname="com.ldemers.ticketservice.test.TicketServiceTest" name="testInitialVenueSize" time="0.012"/>
  <testcase classname="com.ldemers.ticketservice.test.TicketServiceTest" name="testReserveExpiredHold" time="10.029"/>
  <testcase classname="com.ldemers.ticketservice.test.TicketServiceTest" name="testExpiredHoldsReturned" time="10.005"/>
  <testcase classname="com.ldemers.ticketservice.test.TicketServiceTest" name="testReserveWithIncorrectEmail" time="0.002"/>
  <testcase classname="com.ldemers.ticketservice.test.TicketServiceTest" name="testHoldNothing" time="0.001"/>
  <testcase classname="com.ldemers.ticketservice.test.TicketServiceTest" name="testConfCodeLength" time="0.001"/>
  <testcase classname="com.ldemers.ticketservice.test.TicketServiceTest" name="testHoldMoreThanAvailable" time="0.001"/>
  <testcase classname="com.ldemers.ticketservice.test.TicketServiceTest" name="testHoldSeats" time="0.001"/>
</testsuite>